<?xml version="1.0" encoding="utf-8"?><testsuites name="pytest tests"><testsuite name="pytest" errors="0" failures="0" skipped="0" tests="20" time="3.449" timestamp="2026-03-22T15:58:08.720675+00:00" hostname="agent-env-91698953-4534-41a0-bb88-247eee146b78"><testcase classname="tests.test_backend_api.TestHealthCheck" name="test_api_root" time="0.167" /><testcase classname="tests.test_backend_api.TestAuthentication" name="test_register_new_user" time="0.164" /><testcase classname="tests.test_backend_api.TestAuthentication" name="test_register_duplicate_user" time="0.225" /><testcase classname="tests.test_backend_api.TestAuthentication" name="test_login_success" time="0.178" /><testcase classname="tests.test_backend_api.TestAuthentication" name="test_login_invalid_credentials" time="0.106" /><testcase classname="tests.test_backend_api.TestTasks" name="test_get_all_tasks" time="0.113" /><testcase classname="tests.test_backend_api.TestTasks" name="test_get_today_tasks_for_user" time="0.188" /><testcase classname="tests.test_backend_api.TestTasks" name="test_complete_manual_task" time="0.249" /><testcase classname="tests.test_backend_api.TestTasks" name="test_complete_task_twice_same_day" time="0.260" /><testcase classname="tests.test_backend_api.TestTasks" name="test_create_custom_task" time="0.096" /><testcase classname="tests.test_backend_api.TestRewards" name="test_get_all_rewards" time="0.097" /><testcase classname="tests.test_backend_api.TestRewards" name="test_spin_wheel_insufficient_points" time="0.147" /><testcase classname="tests.test_backend_api.TestRewards" name="test_spin_wheel_success" time="0.392" /><testcase classname="tests.test_backend_api.TestRewards" name="test_create_custom_reward" time="0.098" /><testcase classname="tests.test_backend_api.TestGoals" name="test_get_user_goals_empty" time="0.164" /><testcase classname="tests.test_backend_api.TestGoals" name="test_create_goal" time="0.198" /><testcase classname="tests.test_backend_api.TestMonitorMode" name="test_monitor_login_success" time="0.102" /><testcase classname="tests.test_backend_api.TestMonitorMode" name="test_monitor_login_invalid_pin" time="0.097" /><testcase classname="tests.test_backend_api.TestMonitorMode" name="test_monitor_dashboard" time="0.151" /><testcase classname="tests.test_backend_api.TestPoints" name="test_get_user_points" time="0.190" /></testsuite></testsuites>